2023-11-17 11:50:08.796  INFO 14768 --- [main] com.moviesApi.MovieApiApplication        : Starting MovieApiApplication using Java 21 on DESKTOP-L5ERBV8 with PID 14768 (C:\Users\Nico\Desktop\Projet\movieApi\target\classes started by Nico in C:\Users\Nico\Desktop\Projet\movieApi)
2023-11-17 11:50:08.803  INFO 14768 --- [main] com.moviesApi.MovieApiApplication        : No active profile set, falling back to default profiles: default
2023-11-17 11:50:09.616  INFO 14768 --- [main] .s.d.r.c.RepositoryConfigurationDelegate : Bootstrapping Spring Data JPA repositories in DEFAULT mode.
2023-11-17 11:50:09.692  INFO 14768 --- [main] .s.d.r.c.RepositoryConfigurationDelegate : Finished Spring Data repository scanning in 61 ms. Found 2 JPA repository interfaces.
2023-11-17 11:50:10.324  INFO 14768 --- [main] o.s.b.w.embedded.tomcat.TomcatWebServer  : Tomcat initialized with port(s): 8080 (http)
2023-11-17 11:50:10.340  INFO 14768 --- [main] o.apache.catalina.core.StandardService   : Starting service [Tomcat]
2023-11-17 11:50:10.341  INFO 14768 --- [main] org.apache.catalina.core.StandardEngine  : Starting Servlet engine: [Apache Tomcat/9.0.56]
2023-11-17 11:50:10.440  INFO 14768 --- [main] o.a.c.c.C.[Tomcat].[localhost].[/]       : Initializing Spring embedded WebApplicationContext
2023-11-17 11:50:10.440  INFO 14768 --- [main] w.s.c.ServletWebServerApplicationContext : Root WebApplicationContext: initialization completed in 1550 ms
2023-11-17 11:50:10.642  INFO 14768 --- [main] o.hibernate.jpa.internal.util.LogHelper  : HHH000204: Processing PersistenceUnitInfo [name: default]
2023-11-17 11:50:10.713  INFO 14768 --- [main] org.hibernate.Version                    : HHH000412: Hibernate ORM core version 5.6.4.Final
2023-11-17 11:50:10.920  INFO 14768 --- [main] o.hibernate.annotations.common.Version   : HCANN000001: Hibernate Commons Annotations {5.1.2.Final}
2023-11-17 11:50:11.019  INFO 14768 --- [main] com.zaxxer.hikari.HikariDataSource       : HikariPool-1 - Starting...
2023-11-17 11:50:11.094  INFO 14768 --- [main] com.zaxxer.hikari.HikariDataSource       : HikariPool-1 - Start completed.
2023-11-17 11:50:11.114  INFO 14768 --- [main] org.hibernate.dialect.Dialect            : HHH000400: Using dialect: org.hibernate.dialect.MariaDBDialect
2023-11-17 11:50:11.870  INFO 14768 --- [main] o.h.e.t.j.p.i.JtaPlatformInitiator       : HHH000490: Using JtaPlatform implementation: [org.hibernate.engine.transaction.jta.platform.internal.NoJtaPlatform]
2023-11-17 11:50:11.886  INFO 14768 --- [main] j.LocalContainerEntityManagerFactoryBean : Initialized JPA EntityManagerFactory for persistence unit 'default'
2023-11-17 11:50:12.414  WARN 14768 --- [main] JpaBaseConfiguration$JpaWebConfiguration : spring.jpa.open-in-view is enabled by default. Therefore, database queries may be performed during view rendering. Explicitly configure spring.jpa.open-in-view to disable this warning
2023-11-17 11:50:12.846  INFO 14768 --- [main] o.s.b.w.embedded.tomcat.TomcatWebServer  : Tomcat started on port(s): 8080 (http) with context path ''
2023-11-17 11:50:12.855  INFO 14768 --- [main] com.moviesApi.MovieApiApplication        : Started MovieApiApplication in 4.567 seconds (JVM running for 4.995)
2023-11-17 11:50:41.805  INFO 14768 --- [http-nio-8080-exec-2] o.a.c.c.C.[Tomcat].[localhost].[/]       : Initializing Spring DispatcherServlet 'dispatcherServlet'
2023-11-17 11:50:41.806  INFO 14768 --- [http-nio-8080-exec-2] o.s.web.servlet.DispatcherServlet        : Initializing Servlet 'dispatcherServlet'
2023-11-17 11:50:41.807  INFO 14768 --- [http-nio-8080-exec-2] o.s.web.servlet.DispatcherServlet        : Completed initialization in 1 ms
2023-11-17 12:22:04.740  INFO 12548 --- [main] com.moviesApi.MovieApiApplication        : Starting MovieApiApplication using Java 21 on DESKTOP-L5ERBV8 with PID 12548 (C:\Users\Nico\Desktop\Projet\movieApi\target\classes started by Nico in C:\Users\Nico\Desktop\Projet\movieApi)
2023-11-17 12:22:04.743  INFO 12548 --- [main] com.moviesApi.MovieApiApplication        : No active profile set, falling back to default profiles: default
2023-11-17 12:22:05.405  INFO 12548 --- [main] .s.d.r.c.RepositoryConfigurationDelegate : Bootstrapping Spring Data JPA repositories in DEFAULT mode.
2023-11-17 12:22:05.477  INFO 12548 --- [main] .s.d.r.c.RepositoryConfigurationDelegate : Finished Spring Data repository scanning in 60 ms. Found 2 JPA repository interfaces.
2023-11-17 12:22:06.110  INFO 12548 --- [main] o.s.b.w.embedded.tomcat.TomcatWebServer  : Tomcat initialized with port(s): 8080 (http)
2023-11-17 12:22:06.122  INFO 12548 --- [main] o.apache.catalina.core.StandardService   : Starting service [Tomcat]
2023-11-17 12:22:06.122  INFO 12548 --- [main] org.apache.catalina.core.StandardEngine  : Starting Servlet engine: [Apache Tomcat/9.0.56]
2023-11-17 12:22:06.215  INFO 12548 --- [main] o.a.c.c.C.[Tomcat].[localhost].[/]       : Initializing Spring embedded WebApplicationContext
2023-11-17 12:22:06.216  INFO 12548 --- [main] w.s.c.ServletWebServerApplicationContext : Root WebApplicationContext: initialization completed in 1420 ms
2023-11-17 12:22:06.418  INFO 12548 --- [main] o.hibernate.jpa.internal.util.LogHelper  : HHH000204: Processing PersistenceUnitInfo [name: default]
2023-11-17 12:22:06.480  INFO 12548 --- [main] org.hibernate.Version                    : HHH000412: Hibernate ORM core version 5.6.4.Final
2023-11-17 12:22:06.653  INFO 12548 --- [main] o.hibernate.annotations.common.Version   : HCANN000001: Hibernate Commons Annotations {5.1.2.Final}
2023-11-17 12:22:06.750  INFO 12548 --- [main] com.zaxxer.hikari.HikariDataSource       : HikariPool-1 - Starting...
2023-11-17 12:22:06.823  INFO 12548 --- [main] com.zaxxer.hikari.HikariDataSource       : HikariPool-1 - Start completed.
2023-11-17 12:22:06.842  INFO 12548 --- [main] org.hibernate.dialect.Dialect            : HHH000400: Using dialect: org.hibernate.dialect.MariaDBDialect
2023-11-17 12:22:07.564  INFO 12548 --- [main] o.h.e.t.j.p.i.JtaPlatformInitiator       : HHH000490: Using JtaPlatform implementation: [org.hibernate.engine.transaction.jta.platform.internal.NoJtaPlatform]
2023-11-17 12:22:07.573  INFO 12548 --- [main] j.LocalContainerEntityManagerFactoryBean : Initialized JPA EntityManagerFactory for persistence unit 'default'
2023-11-17 12:22:08.121  WARN 12548 --- [main] JpaBaseConfiguration$JpaWebConfiguration : spring.jpa.open-in-view is enabled by default. Therefore, database queries may be performed during view rendering. Explicitly configure spring.jpa.open-in-view to disable this warning
2023-11-17 12:22:08.490  INFO 12548 --- [main] o.s.b.w.embedded.tomcat.TomcatWebServer  : Tomcat started on port(s): 8080 (http) with context path ''
2023-11-17 12:22:08.499  INFO 12548 --- [main] com.moviesApi.MovieApiApplication        : Started MovieApiApplication in 4.203 seconds (JVM running for 4.61)
2023-11-17 12:22:23.754  INFO 12548 --- [http-nio-8080-exec-1] o.a.c.c.C.[Tomcat].[localhost].[/]       : Initializing Spring DispatcherServlet 'dispatcherServlet'
2023-11-17 12:22:23.754  INFO 12548 --- [http-nio-8080-exec-1] o.s.web.servlet.DispatcherServlet        : Initializing Servlet 'dispatcherServlet'
2023-11-17 12:22:23.755  INFO 12548 --- [http-nio-8080-exec-1] o.s.web.servlet.DispatcherServlet        : Completed initialization in 0 ms
